Event[0]
  Log Name: Application
  Source: Windows Error Reporting
  Date: 2023-01-23T02:33:32.3410000Z
  Event ID: 1001
  Task: N/A
  Level: Information 
  Opcode: Info  a
  Keyword: N/A
  User: S-1-5-18
  User Name: NT AUTHORITY\SYSTEM
  Computer: Matts-PC
  Description: 
Fault bucket , type 0
Event Name: StoreAgentInstallFailure1
Response: Not available
Cab Id: 0

Problem signature:
P1: Update;ScanForUpdatesForUser
P2: 80073d02
P3: 22621
P4: 1105
P5: Windows.Desktop
P6: Z
P7: 
P8: 
P9: 
P10: 

Attached files:
\\?\C:\Windows\Temp\FailureReportMetadata_29308.txt
\\?\C:\ProgramData\Microsoft\Windows\WER\Temp\WER.d44e9bbb-36ec-497d-bdd9-9095b16b1770.tmp.WERInternalMetadata.xml
\\?\C:\ProgramData\Microsoft\Windows\WER\ReportQueue\NonCritical_Update;ScanForUp_993acfe2f362df812de270d81039fdbaf66c9fce_00000000_cab_26b7b0bc-bcd8-40d7-9d14-3abbeb0bed73\WPR_initiated_DiagTrackMiniLogger_OneTrace_User_Logger_20230120_1_EC_0_inject.etl
\\?\C:\ProgramData\Microsoft\Windows\WER\Temp\WER.3b09ba5e-1924-48d1-82ef-1e3436bb3eb5.tmp.etl
\\?\C:\ProgramData\Microsoft\Windows\WER\ReportQueue\NonCritical_Update;ScanForUp_993acfe2f362df812de270d81039fdbaf66c9fce_00000000_cab_26b7b0bc-bcd8-40d7-9d14-3abbeb0bed73\WPR_initiated_DiagTrackMiniLogger_WPR System Collector_inject.etl
\\?\C:\ProgramData\Microsoft\Windows\WER\Temp\WER.6798b0e5-1d6f-49de-a186-11a324acea0c.tmp.etl
\\?\C:\ProgramData\Microsoft\Windows\WER\Temp\WER.ab9886f1-3646-4b77-aa2b-94f63982cfb0.tmp.csv
\\?\C:\ProgramData\Microsoft\Windows\WER\Temp\WER.56f5c2d0-627e-4537-a449-af213eff8449.tmp.txt
\\?\C:\ProgramData\Microsoft\Windows\WER\Temp\WER.d60a88bb-3300-4d4b-b5da-01f3596b671d.tmp.xml

These files may be available here:
\\?\C:\ProgramData\Microsoft\Windows\WER\ReportQueue\NonCritical_Update;ScanForUp_993acfe2f362df812de270d81039fdbaf66c9fce_00000000_cab_26b7b0bc-bcd8-40d7-9d14-3abbeb0bed73

Analysis symbol: 
Rechecking for solution: 0
Report Id: 26b7b0bc-bcd8-40d7-9d14-3abbeb0bed73
Report Status: 4
Hashed bucket: 
Cab Guid: 0 

Event[1]
  Log Name: Application
  Source: Windows Error Reporting
  Date: 2023-01-23T02:33:32.6530000Z
  Event ID: 1001
  Task: N/A
  Level: Information 
  Opcode: Info  a
  Keyword: N/A
  User: S-1-5-18
  User Name: NT AUTHORITY\SYSTEM
  Computer: Matts-PC
  Description: 
Fault bucket , type 0
Event Name: StoreAgentInstallFailure1
Response: Not available
Cab Id: 0

Problem signature:
P1: Update;ScanForUpdatesForUser
P2: 80073d02
P3: 22621
P4: 1105
P5: Windows.Desktop
P6: B
P7: 
P8: 
P9: 
P10: 

Attached files:
\\?\C:\Windows\Temp\FailureReportMetadata_29305.txt
\\?\C:\ProgramData\Microsoft\Windows\WER\Temp\WER.61dff7ca-8f68-4da7-9543-a92fea0a9193.tmp.WERInternalMetadata.xml
\\?\C:\ProgramData\Microsoft\Windows\WER\ReportQueue\NonCritical_Update;ScanForUp_b3faf8413d97977e2265ddff6565744f7e78915_00000000_cab_59eb9887-d374-445c-ac92-f6c36e766149\WPR_initiated_DiagTrackMiniLogger_OneTrace_User_Logger_20230120_1_EC_0_inject.etl
\\?\C:\ProgramData\Microsoft\Windows\WER\Temp\WER.7357781c-1f7a-4f6f-ac4c-681241323d5e.tmp.etl
\\?\C:\ProgramData\Microsoft\Windows\WER\ReportQueue\NonCritical_Update;ScanForUp_b3faf8413d97977e2265ddff6565744f7e78915_00000000_cab_59eb9887-d374-445c-ac92-f6c36e766149\WPR_initiated_DiagTrackMiniLogger_WPR System Collector_inject.etl
\\?\C:\ProgramData\Microsoft\Windows\WER\Temp\WER.de26c6ad-6a42-447b-a46b-e1473393c471.tmp.etl
\\?\C:\ProgramData\Microsoft\Windows\WER\Temp\WER.7615cfd7-c5ab-4872-a8ba-56701a00c489.tmp.csv
\\?\C:\ProgramData\Microsoft\Windows\WER\Temp\WER.a5e6f1ab-d126-45af-a805-0f9399532b41.tmp.txt
\\?\C:\ProgramData\Microsoft\Windows\WER\Temp\WER.25ca8bc7-f4b4-43e9-a09c-d708356e44db.tmp.xml

These files may be available here:
\\?\C:\ProgramData\Microsoft\Windows\WER\ReportQueue\NonCritical_Update;ScanForUp_b3faf8413d97977e2265ddff6565744f7e78915_00000000_cab_59eb9887-d374-445c-ac92-f6c36e766149

Analysis symbol: 
Rechecking for solution: 0
Report Id: 59eb9887-d374-445c-ac92-f6c36e766149
Report Status: 4
Hashed bucket: 
Cab Guid: 0 

Event[2]
  Log Name: Application
  Source: Windows Error Reporting
  Date: 2023-01-23T02:33:33.1430000Z
  Event ID: 1001
  Task: N/A
  Level: Information 
  Opcode: Info  a
  Keyword: N/A
  User: S-1-5-18
  User Name: NT AUTHORITY\SYSTEM
  Computer: Matts-PC
  Description: 
Fault bucket 1781759678551313122, type 5
Event Name: StoreAgentInstallFailure1
Response: Not available
Cab Id: 0

Problem signature:
P1: Update;ScanForUpdatesForUser
P2: 80073d02
P3: 22621
P4: 1105
P5: Windows.Desktop
P6: Z
P7: 
P8: 
P9: 
P10: 

Attached files:
\\?\C:\Windows\Temp\FailureReportMetadata_29308.txt
\\?\C:\ProgramData\Microsoft\Windows\WER\Temp\WER.d44e9bbb-36ec-497d-bdd9-9095b16b1770.tmp.WERInternalMetadata.xml
\\?\C:\ProgramData\Microsoft\Windows\WER\ReportQueue\NonCritical_Update;ScanForUp_993acfe2f362df812de270d81039fdbaf66c9fce_00000000_cab_26b7b0bc-bcd8-40d7-9d14-3abbeb0bed73\WPR_initiated_DiagTrackMiniLogger_OneTrace_User_Logger_20230120_1_EC_0_inject.etl
\\?\C:\ProgramData\Microsoft\Windows\WER\Temp\WER.3b09ba5e-1924-48d1-82ef-1e3436bb3eb5.tmp.etl
\\?\C:\ProgramData\Microsoft\Windows\WER\ReportQueue\NonCritical_Update;ScanForUp_993acfe2f362df812de270d81039fdbaf66c9fce_00000000_cab_26b7b0bc-bcd8-40d7-9d14-3abbeb0bed73\WPR_initiated_DiagTrackMiniLogger_WPR System Collector_inject.etl
\\?\C:\ProgramData\Microsoft\Windows\WER\Temp\WER.6798b0e5-1d6f-49de-a186-11a324acea0c.tmp.etl
\\?\C:\ProgramData\Microsoft\Windows\WER\Temp\WER.ab9886f1-3646-4b77-aa2b-94f63982cfb0.tmp.csv
\\?\C:\ProgramData\Microsoft\Windows\WER\Temp\WER.56f5c2d0-627e-4537-a449-af213eff8449.tmp.txt
\\?\C:\ProgramData\Microsoft\Windows\WER\Temp\WER.d60a88bb-3300-4d4b-b5da-01f3596b671d.tmp.xml

These files may be available here:
\\?\C:\ProgramData\Microsoft\Windows\WER\ReportArchive\NonCritical_Update;ScanForUp_993acfe2f362df812de270d81039fdbaf66c9fce_00000000_26b7b0bc-bcd8-40d7-9d14-3abbeb0bed73

Analysis symbol: 
Rechecking for solution: 0
Report Id: 26b7b0bc-bcd8-40d7-9d14-3abbeb0bed73
Report Status: 268435456
Hashed bucket: a2fddf9d78ef4a37a8ba14fccb2a4ae2
Cab Guid: 0 

Event[3]
  Log Name: Application
  Source: Windows Error Reporting
  Date: 2023-01-23T02:33:33.7810000Z
  Event ID: 1001
  Task: N/A
  Level: Information 
  Opcode: Info  a
  Keyword: N/A
  User: S-1-5-18
  User Name: NT AUTHORITY\SYSTEM
  Computer: Matts-PC
  Description: 
Fault bucket 1878736923591326369, type 5
Event Name: StoreAgentInstallFailure1
Response: Not available
Cab Id: 0

Problem signature:
P1: Update;ScanForUpdatesForUser
P2: 80073d02
P3: 22621
P4: 1105
P5: Windows.Desktop
P6: B
P7: 
P8: 
P9: 
P10: 

Attached files:
\\?\C:\Windows\Temp\FailureReportMetadata_29305.txt
\\?\C:\ProgramData\Microsoft\Windows\WER\Temp\WER.61dff7ca-8f68-4da7-9543-a92fea0a9193.tmp.WERInternalMetadata.xml
\\?\C:\ProgramData\Microsoft\Windows\WER\ReportQueue\NonCritical_Update;ScanForUp_b3faf8413d97977e2265ddff6565744f7e78915_00000000_cab_59eb9887-d374-445c-ac92-f6c36e766149\WPR_initiated_DiagTrackMiniLogger_OneTrace_User_Logger_20230120_1_EC_0_inject.etl
\\?\C:\ProgramData\Microsoft\Windows\WER\Temp\WER.7357781c-1f7a-4f6f-ac4c-681241323d5e.tmp.etl
\\?\C:\ProgramData\Microsoft\Windows\WER\ReportQueue\NonCritical_Update;ScanForUp_b3faf8413d97977e2265ddff6565744f7e78915_00000000_cab_59eb9887-d374-445c-ac92-f6c36e766149\WPR_initiated_DiagTrackMiniLogger_WPR System Collector_inject.etl
\\?\C:\ProgramData\Microsoft\Windows\WER\Temp\WER.de26c6ad-6a42-447b-a46b-e1473393c471.tmp.etl
\\?\C:\ProgramData\Microsoft\Windows\WER\Temp\WER.7615cfd7-c5ab-4872-a8ba-56701a00c489.tmp.csv
\\?\C:\ProgramData\Microsoft\Windows\WER\Temp\WER.a5e6f1ab-d126-45af-a805-0f9399532b41.tmp.txt
\\?\C:\ProgramData\Microsoft\Windows\WER\Temp\WER.25ca8bc7-f4b4-43e9-a09c-d708356e44db.tmp.xml

These files may be available here:
\\?\C:\ProgramData\Microsoft\Windows\WER\ReportArchive\NonCritical_Update;ScanForUp_b3faf8413d97977e2265ddff6565744f7e78915_00000000_59eb9887-d374-445c-ac92-f6c36e766149

Analysis symbol: 
Rechecking for solution: 0
Report Id: 59eb9887-d374-445c-ac92-f6c36e766149
Report Status: 268435456
Hashed bucket: 6448ca73725a673f1a129d472d123aa1
Cab Guid: 0 